<?xml version="1.0" encoding="UTF-8"?>
<testsuite xmlns:xsi="http://www.w3.org/2001/XMLSchema-instance" xsi:noNamespaceSchemaLocation="https://maven.apache.org/surefire/maven-surefire-plugin/xsd/surefire-test-report-3.0.xsd" version="3.0" name="kr.spring.PracticeApplicationTests" time="2.25" tests="1" errors="0" skipped="0" failures="0">
  <properties>
[...]
</properties>
  <testcase name="contextLoads" classname="kr.spring.PracticeApplicationTests" time="0.704">
    <system-out><![CDATA[16:14:59.978 [main] INFO org.springframework.test.context.support.AnnotationConfigContextLoaderUtils -- Could not detect default configuration classes for test class [kr.spring.PracticeApplicationTests]: PracticeApplicationTests does not declare any static, non-private, non-final, nested classes annotated with @Configuration.
16:15:00.049 [main] INFO org.springframework.boot.test.context.SpringBootTestContextBootstrapper -- Found @SpringBootConfiguration kr.spring.PracticeApplication for test class kr.spring.PracticeApplicationTests
16:15:00.184 [main] INFO org.springframework.boot.devtools.restart.RestartApplicationListener -- Restart disabled due to context in which it is running

  .   ____          _            __ _ _
 /\\ / ___'_ __ _ _(_)_ __  __ _ \ \ \ \
( ( )\___ | '_ | '_| | '_ \/ _` | \ \ \ \
 \\/  ___)| |_)| | | | | || (_| |  ) ) ) )
  '  |____| .__|_| |_|_| |_\__, | / / / /
 =========|_|==============|___/=/_/_/_/
 :: Spring Boot ::                (v3.1.5)

2023-11-08T16:15:00.392+09:00  INFO 16808 --- [           main] kr.spring.PracticeApplicationTests       : Starting PracticeApplicationTests using Java 17.0.8 with PID 16808 (started by newny in C:\WS\spring-boot-ec2-test\FinalProject_web)
2023-11-08T16:15:00.393+09:00  INFO 16808 --- [           main] kr.spring.PracticeApplicationTests       : No active profile set, falling back to 1 default profile: "default"
2023-11-08T16:15:01.179+09:00  INFO 16808 --- [           main] o.s.b.a.w.s.WelcomePageHandlerMapping    : Adding welcome page template: index
2023-11-08T16:15:01.394+09:00  INFO 16808 --- [           main] kr.spring.PracticeApplicationTests       : Started PracticeApplicationTests in 1.224 seconds (process running for 1.962)
]]></system-out>
  </testcase>
</testsuite>